2022-06-22 14:34:20,123 p=4189 u=sabarish n=ansible | PLAY [server] **************************************************************************************
2022-06-22 14:34:20,139 p=4189 u=sabarish n=ansible | TASK [Gathering Facts] *****************************************************************************
2022-06-22 14:34:38,399 p=4189 u=sabarish n=ansible | [WARNING]: Platform linux on host control is using the discovered Python interpreter at
/usr/bin/python3.7, but future installation of another Python interpreter could change the meaning
of that path. See https://docs.ansible.com/ansible-
core/2.12/reference_appendices/interpreter_discovery.html for more information.

2022-06-22 14:34:38,399 p=4189 u=sabarish n=ansible | ok: [control]
2022-06-22 14:34:38,421 p=4189 u=sabarish n=ansible | TASK [httpd installation] **************************************************************************
2022-06-22 14:34:46,282 p=4189 u=sabarish n=ansible | ok: [control]
2022-06-22 14:34:46,305 p=4189 u=sabarish n=ansible | TASK [service enabled] *****************************************************************************
2022-06-22 14:34:53,347 p=4189 u=sabarish n=ansible | ok: [control]
2022-06-22 14:34:53,363 p=4189 u=sabarish n=ansible | TASK [copy data] ***********************************************************************************
2022-06-22 14:35:04,303 p=4189 u=sabarish n=ansible | ok: [control]
2022-06-22 14:35:04,314 p=4189 u=sabarish n=ansible | TASK [archive data] ********************************************************************************
2022-06-22 14:35:10,653 p=4189 u=sabarish n=ansible | ok: [control]
2022-06-22 14:35:10,669 p=4189 u=sabarish n=ansible | TASK [fetch the data] ******************************************************************************
2022-06-22 14:35:17,207 p=4189 u=sabarish n=ansible | changed: [control]
2022-06-22 14:35:17,223 p=4189 u=sabarish n=ansible | TASK [unarchive] ***********************************************************************************
2022-06-22 14:35:28,006 p=4189 u=sabarish n=ansible | ok: [control]
2022-06-22 14:35:28,020 p=4189 u=sabarish n=ansible | TASK [shell cmd] ***********************************************************************************
2022-06-22 14:35:34,255 p=4189 u=sabarish n=ansible | changed: [control]
2022-06-22 14:35:34,276 p=4189 u=sabarish n=ansible | PLAY RECAP *****************************************************************************************
2022-06-22 14:35:34,276 p=4189 u=sabarish n=ansible | control                    : ok=8    changed=2    unreachable=0    failed=0    skipped=0    rescued=0    ignored=0   
2022-06-22 20:06:18,006 p=2362 u=sabarish n=ansible | [WARNING]: Platform linux on host control is using the discovered Python
interpreter at /usr/bin/python3.7, but future installation of another Python
interpreter could change the meaning of that path. See
https://docs.ansible.com/ansible-
core/2.12/reference_appendices/interpreter_discovery.html for more information.

2022-06-22 20:06:18,010 p=2362 u=sabarish n=ansible | control | SUCCESS => {
    "ansible_facts": {
        "ansible_all_ipv4_addresses": [
            "172.31.91.182"
        ],
        "ansible_all_ipv6_addresses": [
            "fe80::1096:d1ff:febc:d129"
        ],
        "ansible_apparmor": {
            "status": "disabled"
        },
        "ansible_architecture": "x86_64",
        "ansible_bios_date": "08/24/2006",
        "ansible_bios_vendor": "Xen",
        "ansible_bios_version": "4.11.amazon",
        "ansible_board_asset_tag": "NA",
        "ansible_board_name": "NA",
        "ansible_board_serial": "NA",
        "ansible_board_vendor": "NA",
        "ansible_board_version": "NA",
        "ansible_chassis_asset_tag": "NA",
        "ansible_chassis_serial": "NA",
        "ansible_chassis_vendor": "Xen",
        "ansible_chassis_version": "NA",
        "ansible_cmdline": {
            "BOOT_IMAGE": "/boot/vmlinuz-5.10.118-111.515.amzn2.x86_64",
            "biosdevname": "0",
            "console": "ttyS0,115200n8",
            "net.ifnames": "0",
            "nvme_core.io_timeout": "4294967295",
            "rd.emergency": "poweroff",
            "rd.shell": "0",
            "ro": true,
            "root": "UUID=f33e7d3b-6786-4f40-875a-90f0f7e6b9a8"
        },
        "ansible_date_time": {
            "date": "2022-06-22",
            "day": "22",
            "epoch": "1655908577",
            "epoch_int": "1655908577",
            "hour": "14",
            "iso8601": "2022-06-22T14:36:17Z",
            "iso8601_basic": "20220622T143617418126",
            "iso8601_basic_short": "20220622T143617",
            "iso8601_micro": "2022-06-22T14:36:17.418126Z",
            "minute": "36",
            "month": "06",
            "second": "17",
            "time": "14:36:17",
            "tz": "UTC",
            "tz_dst": "UTC",
            "tz_offset": "+0000",
            "weekday": "Wednesday",
            "weekday_number": "3",
            "weeknumber": "25",
            "year": "2022"
        },
        "ansible_default_ipv4": {
            "address": "172.31.91.182",
            "alias": "eth0",
            "broadcast": "172.31.95.255",
            "gateway": "172.31.80.1",
            "interface": "eth0",
            "macaddress": "12:96:d1:bc:d1:29",
            "mtu": 9001,
            "netmask": "255.255.240.0",
            "network": "172.31.80.0",
            "type": "ether"
        },
        "ansible_default_ipv6": {},
        "ansible_device_links": {
            "ids": {},
            "labels": {
                "xvda1": [
                    "\\x2f"
                ]
            },
            "masters": {},
            "uuids": {
                "xvda1": [
                    "f33e7d3b-6786-4f40-875a-90f0f7e6b9a8"
                ]
            }
        },
        "ansible_devices": {
            "xvda": {
                "holders": [],
                "host": "",
                "links": {
                    "ids": [],
                    "labels": [],
                    "masters": [],
                    "uuids": []
                },
                "model": null,
                "partitions": {
                    "xvda1": {
                        "holders": [],
                        "links": {
                            "ids": [],
                            "labels": [
                                "\\x2f"
                            ],
                            "masters": [],
                            "uuids": [
                                "f33e7d3b-6786-4f40-875a-90f0f7e6b9a8"
                            ]
                        },
                        "sectors": "41938911",
                        "sectorsize": 512,
                        "size": "20.00 GB",
                        "start": "4096",
                        "uuid": "f33e7d3b-6786-4f40-875a-90f0f7e6b9a8"
                    }
                },
                "removable": "0",
                "rotational": "0",
                "sas_address": null,
                "sas_device_handle": null,
                "scheduler_mode": "mq-deadline",
                "sectors": "41943040",
                "sectorsize": "512",
                "size": "20.00 GB",
                "support_discard": "0",
                "vendor": null,
                "virtual": 1
            }
        },
        "ansible_distribution": "Amazon",
        "ansible_distribution_file_parsed": true,
        "ansible_distribution_file_path": "/etc/os-release",
        "ansible_distribution_file_variety": "Amazon",
        "ansible_distribution_major_version": "2",
        "ansible_distribution_minor_version": "NA",
        "ansible_distribution_release": "NA",
        "ansible_distribution_version": "2",
        "ansible_dns": {
            "nameservers": [
                "172.31.0.2"
            ],
            "options": {
                "attempts": "5",
                "timeout": "2"
            },
            "search": [
                "ec2.internal"
            ]
        },
        "ansible_domain": "ec2.internal",
        "ansible_effective_group_id": 0,
        "ansible_effective_user_id": 0,
        "ansible_env": {
            "HOME": "/root",
            "LANG": "en_US.UTF-8",
            "LC_CTYPE": "C.UTF-8",
            "LOGNAME": "root",
            "LS_COLORS": "rs=0:di=38;5;27:ln=38;5;51:mh=44;38;5;15:pi=40;38;5;11:so=38;5;13:do=38;5;5:bd=48;5;232;38;5;11:cd=48;5;232;38;5;3:or=48;5;232;38;5;9:mi=05;48;5;232;38;5;15:su=48;5;196;38;5;15:sg=48;5;11;38;5;16:ca=48;5;196;38;5;226:tw=48;5;10;38;5;16:ow=48;5;10;38;5;21:st=48;5;21;38;5;15:ex=38;5;34:*.tar=38;5;9:*.tgz=38;5;9:*.arc=38;5;9:*.arj=38;5;9:*.taz=38;5;9:*.lha=38;5;9:*.lz4=38;5;9:*.lzh=38;5;9:*.lzma=38;5;9:*.tlz=38;5;9:*.txz=38;5;9:*.tzo=38;5;9:*.t7z=38;5;9:*.zip=38;5;9:*.z=38;5;9:*.Z=38;5;9:*.dz=38;5;9:*.gz=38;5;9:*.lrz=38;5;9:*.lz=38;5;9:*.lzo=38;5;9:*.xz=38;5;9:*.bz2=38;5;9:*.bz=38;5;9:*.tbz=38;5;9:*.tbz2=38;5;9:*.tz=38;5;9:*.deb=38;5;9:*.rpm=38;5;9:*.jar=38;5;9:*.war=38;5;9:*.ear=38;5;9:*.sar=38;5;9:*.rar=38;5;9:*.alz=38;5;9:*.ace=38;5;9:*.zoo=38;5;9:*.cpio=38;5;9:*.7z=38;5;9:*.rz=38;5;9:*.cab=38;5;9:*.jpg=38;5;13:*.jpeg=38;5;13:*.gif=38;5;13:*.bmp=38;5;13:*.pbm=38;5;13:*.pgm=38;5;13:*.ppm=38;5;13:*.tga=38;5;13:*.xbm=38;5;13:*.xpm=38;5;13:*.tif=38;5;13:*.tiff=38;5;13:*.png=38;5;13:*.svg=38;5;13:*.svgz=38;5;13:*.mng=38;5;13:*.pcx=38;5;13:*.mov=38;5;13:*.mpg=38;5;13:*.mpeg=38;5;13:*.m2v=38;5;13:*.mkv=38;5;13:*.webm=38;5;13:*.ogm=38;5;13:*.mp4=38;5;13:*.m4v=38;5;13:*.mp4v=38;5;13:*.vob=38;5;13:*.qt=38;5;13:*.nuv=38;5;13:*.wmv=38;5;13:*.asf=38;5;13:*.rm=38;5;13:*.rmvb=38;5;13:*.flc=38;5;13:*.avi=38;5;13:*.fli=38;5;13:*.flv=38;5;13:*.gl=38;5;13:*.dl=38;5;13:*.xcf=38;5;13:*.xwd=38;5;13:*.yuv=38;5;13:*.cgm=38;5;13:*.emf=38;5;13:*.axv=38;5;13:*.anx=38;5;13:*.ogv=38;5;13:*.ogx=38;5;13:*.aac=38;5;45:*.au=38;5;45:*.flac=38;5;45:*.mid=38;5;45:*.midi=38;5;45:*.mka=38;5;45:*.mp3=38;5;45:*.mpc=38;5;45:*.ogg=38;5;45:*.ra=38;5;45:*.wav=38;5;45:*.axa=38;5;45:*.oga=38;5;45:*.spx=38;5;45:*.xspf=38;5;45:",
            "MAIL": "/var/mail/ec2-user",
            "PATH": "/sbin:/bin:/usr/sbin:/usr/bin",
            "PWD": "/home/ec2-user",
            "SHELL": "/bin/bash",
            "SHLVL": "1",
            "SUDO_COMMAND": "/bin/sh -c echo BECOME-SUCCESS-pkgrftnofycbsthctkxkvholjgfnwatp ; /usr/bin/python3.7 /home/ec2-user/.ansible/tmp/ansible-tmp-1655908569.198692-2365-239795553681668/AnsiballZ_setup.py",
            "SUDO_GID": "1000",
            "SUDO_UID": "1000",
            "SUDO_USER": "ec2-user",
            "TERM": "xterm-256color",
            "USER": "root",
            "USERNAME": "root",
            "XDG_SESSION_ID": "86",
            "_": "/usr/bin/python3.7"
        },
        "ansible_eth0": {
            "active": true,
            "device": "eth0",
            "features": {
                "esp_hw_offload": "off [fixed]",
                "esp_tx_csum_hw_offload": "off [fixed]",
                "fcoe_mtu": "off [fixed]",
                "generic_receive_offload": "on",
                "generic_segmentation_offload": "on",
                "highdma": "off [fixed]",
                "hw_tc_offload": "off [fixed]",
                "l2_fwd_offload": "off [fixed]",
                "large_receive_offload": "off [fixed]",
                "loopback": "off [fixed]",
                "macsec_hw_offload": "off [fixed]",
                "netns_local": "off [fixed]",
                "ntuple_filters": "off [fixed]",
                "receive_hashing": "off [fixed]",
                "rx_all": "off [fixed]",
                "rx_checksumming": "on [fixed]",
                "rx_fcs": "off [fixed]",
                "rx_gro_hw": "off [fixed]",
                "rx_gro_list": "off",
                "rx_udp_tunnel_port_offload": "off [fixed]",
                "rx_vlan_filter": "off [fixed]",
                "rx_vlan_offload": "off [fixed]",
                "rx_vlan_stag_filter": "off [fixed]",
                "rx_vlan_stag_hw_parse": "off [fixed]",
                "scatter_gather": "on",
                "tcp_segmentation_offload": "on",
                "tls_hw_record": "off [fixed]",
                "tls_hw_rx_offload": "off [fixed]",
                "tls_hw_tx_offload": "off [fixed]",
                "tx_checksum_fcoe_crc": "off [fixed]",
                "tx_checksum_ip_generic": "off [fixed]",
                "tx_checksum_ipv4": "on [fixed]",
                "tx_checksum_ipv6": "on",
                "tx_checksum_sctp": "off [fixed]",
                "tx_checksumming": "on",
                "tx_esp_segmentation": "off [fixed]",
                "tx_fcoe_segmentation": "off [fixed]",
                "tx_gre_csum_segmentation": "off [fixed]",
                "tx_gre_segmentation": "off [fixed]",
                "tx_gso_list": "off [fixed]",
                "tx_gso_partial": "off [fixed]",
                "tx_gso_robust": "on [fixed]",
                "tx_ipxip4_segmentation": "off [fixed]",
                "tx_ipxip6_segmentation": "off [fixed]",
                "tx_lockless": "off [fixed]",
                "tx_nocache_copy": "off",
                "tx_scatter_gather": "on",
                "tx_scatter_gather_fraglist": "off [fixed]",
                "tx_sctp_segmentation": "off [fixed]",
                "tx_tcp6_segmentation": "on",
                "tx_tcp_ecn_segmentation": "off [fixed]",
                "tx_tcp_mangleid_segmentation": "off",
                "tx_tcp_segmentation": "on",
                "tx_tunnel_remcsum_segmentation": "off [fixed]",
                "tx_udp_segmentation": "off [fixed]",
                "tx_udp_tnl_csum_segmentation": "off [fixed]",
                "tx_udp_tnl_segmentation": "off [fixed]",
                "tx_vlan_offload": "off [fixed]",
                "tx_vlan_stag_hw_insert": "off [fixed]",
                "udp_fragmentation_offload": "off",
                "vlan_challenged": "off [fixed]"
            },
            "hw_timestamp_filters": [],
            "ipv4": {
                "address": "172.31.91.182",
                "broadcast": "172.31.95.255",
                "netmask": "255.255.240.0",
                "network": "172.31.80.0"
            },
            "ipv6": [
                {
                    "address": "fe80::1096:d1ff:febc:d129",
                    "prefix": "64",
                    "scope": "link"
                }
            ],
            "macaddress": "12:96:d1:bc:d1:29",
            "module": "xen_netfront",
            "mtu": 9001,
            "pciid": "vif-0",
            "promisc": false,
            "timestamping": [
                "tx_software",
                "rx_software",
                "software"
            ],
            "type": "ether"
        },
        "ansible_fibre_channel_wwn": [],
        "ansible_fips": false,
        "ansible_form_factor": "Other",
        "ansible_fqdn": "ip-172-31-91-182.ec2.internal",
        "ansible_hostname": "ip-172-31-91-182",
        "ansible_hostnqn": "",
        "ansible_interfaces": [
            "eth0",
            "lo"
        ],
        "ansible_is_chroot": false,
        "ansible_iscsi_iqn": "",
        "ansible_kernel": "5.10.118-111.515.amzn2.x86_64",
        "ansible_kernel_version": "#1 SMP Wed May 25 22:12:19 UTC 2022",
        "ansible_lo": {
            "active": true,
            "device": "lo",
            "features": {
                "esp_hw_offload": "off [fixed]",
                "esp_tx_csum_hw_offload": "off [fixed]",
                "fcoe_mtu": "off [fixed]",
                "generic_receive_offload": "on",
                "generic_segmentation_offload": "on",
                "highdma": "on [fixed]",
                "hw_tc_offload": "off [fixed]",
                "l2_fwd_offload": "off [fixed]",
                "large_receive_offload": "off [fixed]",
                "loopback": "on [fixed]",
                "macsec_hw_offload": "off [fixed]",
                "netns_local": "on [fixed]",
                "ntuple_filters": "off [fixed]",
                "receive_hashing": "off [fixed]",
                "rx_all": "off [fixed]",
                "rx_checksumming": "on [fixed]",
                "rx_fcs": "off [fixed]",
                "rx_gro_hw": "off [fixed]",
                "rx_gro_list": "off",
                "rx_udp_tunnel_port_offload": "off [fixed]",
                "rx_vlan_filter": "off [fixed]",
                "rx_vlan_offload": "off [fixed]",
                "rx_vlan_stag_filter": "off [fixed]",
                "rx_vlan_stag_hw_parse": "off [fixed]",
                "scatter_gather": "on",
                "tcp_segmentation_offload": "on",
                "tls_hw_record": "off [fixed]",
                "tls_hw_rx_offload": "off [fixed]",
                "tls_hw_tx_offload": "off [fixed]",
                "tx_checksum_fcoe_crc": "off [fixed]",
                "tx_checksum_ip_generic": "on [fixed]",
                "tx_checksum_ipv4": "off [fixed]",
                "tx_checksum_ipv6": "off [fixed]",
                "tx_checksum_sctp": "on [fixed]",
                "tx_checksumming": "on",
                "tx_esp_segmentation": "off [fixed]",
                "tx_fcoe_segmentation": "off [fixed]",
                "tx_gre_csum_segmentation": "off [fixed]",
                "tx_gre_segmentation": "off [fixed]",
                "tx_gso_list": "off [fixed]",
                "tx_gso_partial": "off [fixed]",
                "tx_gso_robust": "off [fixed]",
                "tx_ipxip4_segmentation": "off [fixed]",
                "tx_ipxip6_segmentation": "off [fixed]",
                "tx_lockless": "on [fixed]",
                "tx_nocache_copy": "off [fixed]",
                "tx_scatter_gather": "on [fixed]",
                "tx_scatter_gather_fraglist": "on [fixed]",
                "tx_sctp_segmentation": "on",
                "tx_tcp6_segmentation": "on",
                "tx_tcp_ecn_segmentation": "on",
                "tx_tcp_mangleid_segmentation": "on",
                "tx_tcp_segmentation": "on",
                "tx_tunnel_remcsum_segmentation": "off [fixed]",
                "tx_udp_segmentation": "off [fixed]",
                "tx_udp_tnl_csum_segmentation": "off [fixed]",
                "tx_udp_tnl_segmentation": "off [fixed]",
                "tx_vlan_offload": "off [fixed]",
                "tx_vlan_stag_hw_insert": "off [fixed]",
                "udp_fragmentation_offload": "off",
                "vlan_challenged": "on [fixed]"
            },
            "hw_timestamp_filters": [],
            "ipv4": {
                "address": "127.0.0.1",
                "broadcast": "",
                "netmask": "255.0.0.0",
                "network": "127.0.0.0"
            },
            "ipv6": [
                {
                    "address": "::1",
                    "prefix": "128",
                    "scope": "host"
                }
            ],
            "mtu": 65536,
            "promisc": false,
            "timestamping": [
                "tx_software",
                "rx_software",
                "software"
            ],
            "type": "loopback"
        },
        "ansible_local": {},
        "ansible_lsb": {},
        "ansible_lvm": {
            "lvs": {},
            "pvs": {},
            "vgs": {}
        },
        "ansible_machine": "x86_64",
        "ansible_machine_id": "55b4c8a460c14af6a6964bf4befc1c72",
        "ansible_memfree_mb": 238,
        "ansible_memory_mb": {
            "nocache": {
                "free": 794,
                "used": 171
            },
            "real": {
                "free": 238,
                "total": 965,
                "used": 727
            },
            "swap": {
                "cached": 0,
                "free": 0,
                "total": 0,
                "used": 0
            }
        },
        "ansible_memtotal_mb": 965,
        "ansible_mounts": [
            {
                "block_available": 4824754,
                "block_size": 4096,
                "block_total": 5239803,
                "block_used": 415049,
                "device": "/dev/xvda1",
                "fstype": "xfs",
                "inode_available": 10435515,
                "inode_total": 10484720,
                "inode_used": 49205,
                "mount": "/",
                "options": "rw,noatime,attr2,inode64,logbufs=8,logbsize=32k,noquota",
                "size_available": 19762192384,
                "size_total": 21462233088,
                "uuid": "f33e7d3b-6786-4f40-875a-90f0f7e6b9a8"
            }
        ],
        "ansible_nodename": "ip-172-31-91-182.ec2.internal",
        "ansible_os_family": "RedHat",
        "ansible_pkg_mgr": "yum",
        "ansible_proc_cmdline": {
            "BOOT_IMAGE": "/boot/vmlinuz-5.10.118-111.515.amzn2.x86_64",
            "biosdevname": "0",
            "console": [
                "tty0",
                "ttyS0,115200n8"
            ],
            "net.ifnames": "0",
            "nvme_core.io_timeout": "4294967295",
            "rd.emergency": "poweroff",
            "rd.shell": "0",
            "ro": true,
            "root": "UUID=f33e7d3b-6786-4f40-875a-90f0f7e6b9a8"
        },
        "ansible_processor": [
            "0",
            "GenuineIntel",
            "Intel(R) Xeon(R) CPU E5-2676 v3 @ 2.40GHz"
        ],
        "ansible_processor_cores": 1,
        "ansible_processor_count": 1,
        "ansible_processor_nproc": 1,
        "ansible_processor_threads_per_core": 1,
        "ansible_processor_vcpus": 1,
        "ansible_product_name": "HVM domU",
        "ansible_product_serial": "ec273d2f-c2ab-fb6d-b31d-bd71b4a9d206",
        "ansible_product_uuid": "ec273d2f-c2ab-fb6d-b31d-bd71b4a9d206",
        "ansible_product_version": "4.11.amazon",
        "ansible_python": {
            "executable": "/usr/bin/python3.7",
            "has_sslcontext": true,
            "type": "cpython",
            "version": {
                "major": 3,
                "micro": 10,
                "minor": 7,
                "releaselevel": "final",
                "serial": 0
            },
            "version_info": [
                3,
                7,
                10,
                "final",
                0
            ]
        },
        "ansible_python_version": "3.7.10",
        "ansible_real_group_id": 0,
        "ansible_real_user_id": 0,
        "ansible_selinux": {
            "status": "disabled"
        },
        "ansible_selinux_python_present": true,
        "ansible_service_mgr": "systemd",
        "ansible_ssh_host_key_ecdsa_public": "AAAAE2VjZHNhLXNoYTItbmlzdHAyNTYAAAAIbmlzdHAyNTYAAABBBCG6ufSSjzcKzLm9X5ZqvZnpTRBdj9DFzskqtbzUVNbQqZl4zmSThfwkkbRM1ctQPA8iEjplYjH07+1pR77CH8s=",
        "ansible_ssh_host_key_ecdsa_public_keytype": "ecdsa-sha2-nistp256",
        "ansible_ssh_host_key_ed25519_public": "AAAAC3NzaC1lZDI1NTE5AAAAILVR+koMhBQuF1mkavNp2RTwItxgS3xDZXP+YmfuP9+7",
        "ansible_ssh_host_key_ed25519_public_keytype": "ssh-ed25519",
        "ansible_ssh_host_key_rsa_public": "AAAAB3NzaC1yc2EAAAADAQABAAABAQDV+w5kH/S4qnJy/PZPUm9gPsRsIwPYLP/PLrkyByhtc2d8r1QrufoR0zXhnLyEO12T5vClh9NHHC8LMM3SKUH3rHACMStQpVRUZhEfZrP50PbM17l7rlcz8+Pylp9nFA2ynNCKKZrC56pju6YqcIllPxN2SacPbdOZd/DiqRzvDKcBc1QrYO9Elc6LCQ+V/Y16k9co2Ts7vAk/4Y8eieETTLI1GLxW5SSJIiHPGA8M/FkacuDMorr+3m/xH0k6z2n+oBlvwZUzM8U0ewjiehDhMZd357uGQzmMrDSkSjdcBdR7Kw62BWOmKotb4RCWtyBude9WRoVqUzE0GKhrS5fj",
        "ansible_ssh_host_key_rsa_public_keytype": "ssh-rsa",
        "ansible_swapfree_mb": 0,
        "ansible_swaptotal_mb": 0,
        "ansible_system": "Linux",
        "ansible_system_capabilities": [],
        "ansible_system_capabilities_enforced": "False",
        "ansible_system_vendor": "Xen",
        "ansible_uptime_seconds": 36870,
        "ansible_user_dir": "/root",
        "ansible_user_gecos": "root",
        "ansible_user_gid": 0,
        "ansible_user_id": "root",
        "ansible_user_shell": "/bin/bash",
        "ansible_user_uid": 0,
        "ansible_userspace_architecture": "x86_64",
        "ansible_userspace_bits": "64",
        "ansible_virtualization_role": "guest",
        "ansible_virtualization_tech_guest": [
            "xen"
        ],
        "ansible_virtualization_tech_host": [],
        "ansible_virtualization_type": "xen",
        "discovered_interpreter_python": "/usr/bin/python3.7",
        "gather_subset": [
            "all"
        ],
        "module_setup": true
    },
    "changed": false
}
2022-06-22 20:09:34,889 p=2416 u=sabarish n=ansible | PLAY [server] ******************************************************************
2022-06-22 20:09:34,906 p=2416 u=sabarish n=ansible | TASK [Gathering Facts] *********************************************************
2022-06-22 20:09:47,930 p=2416 u=sabarish n=ansible | [WARNING]: Platform linux on host control is using the discovered Python
interpreter at /usr/bin/python3.7, but future installation of another Python
interpreter could change the meaning of that path. See
https://docs.ansible.com/ansible-
core/2.12/reference_appendices/interpreter_discovery.html for more information.

2022-06-22 20:09:47,930 p=2416 u=sabarish n=ansible | ok: [control]
2022-06-22 20:09:47,954 p=2416 u=sabarish n=ansible | TASK [httpd installation] ******************************************************
2022-06-22 20:09:56,584 p=2416 u=sabarish n=ansible |  [ERROR]: User interrupted execution

2022-06-22 20:10:27,107 p=2451 u=sabarish n=ansible | ERROR! 'gathering Facts' is not a valid attribute for a Play

The error appears to be in '/Users/sabarish/Desktop/ansible/second/book.yaml': line 2, column 3, but may
be elsewhere in the file depending on the exact syntax problem.

The offending line appears to be:

---
- name: server
  ^ here

2022-06-22 20:11:26,606 p=2467 u=sabarish n=ansible | ERROR! 'gathering_facts' is not a valid attribute for a Play

The error appears to be in '/Users/sabarish/Desktop/ansible/second/book.yaml': line 2, column 3, but may
be elsewhere in the file depending on the exact syntax problem.

The offending line appears to be:

---
- name: server
  ^ here

2022-06-22 20:12:05,462 p=2478 u=sabarish n=ansible | PLAY [server] ******************************************************************
2022-06-22 20:12:05,482 p=2478 u=sabarish n=ansible | TASK [httpd installation] ******************************************************
2022-06-22 20:12:23,546 p=2478 u=sabarish n=ansible | [WARNING]: Platform linux on host control is using the discovered Python
interpreter at /usr/bin/python3.7, but future installation of another Python
interpreter could change the meaning of that path. See
https://docs.ansible.com/ansible-
core/2.12/reference_appendices/interpreter_discovery.html for more information.

2022-06-22 20:12:23,546 p=2478 u=sabarish n=ansible | ok: [control]
2022-06-22 20:12:23,557 p=2478 u=sabarish n=ansible | TASK [service enabled] *********************************************************
2022-06-22 20:12:34,758 p=2478 u=sabarish n=ansible | ok: [control]
2022-06-22 20:12:34,771 p=2478 u=sabarish n=ansible | TASK [copy data] ***************************************************************
2022-06-22 20:12:45,797 p=2478 u=sabarish n=ansible | ok: [control]
2022-06-22 20:12:45,806 p=2478 u=sabarish n=ansible | TASK [archive data] ************************************************************
2022-06-22 20:12:51,942 p=2478 u=sabarish n=ansible | ok: [control]
2022-06-22 20:12:51,952 p=2478 u=sabarish n=ansible | TASK [fetch the data] **********************************************************
2022-06-22 20:12:58,085 p=2478 u=sabarish n=ansible | changed: [control]
2022-06-22 20:12:58,099 p=2478 u=sabarish n=ansible | TASK [unarchive] ***************************************************************
2022-06-22 20:13:10,681 p=2478 u=sabarish n=ansible | ok: [control]
2022-06-22 20:13:10,692 p=2478 u=sabarish n=ansible | TASK [shell cmd] ***************************************************************
2022-06-22 20:13:16,826 p=2478 u=sabarish n=ansible | changed: [control]
2022-06-22 20:13:16,845 p=2478 u=sabarish n=ansible | PLAY RECAP *********************************************************************
2022-06-22 20:13:16,846 p=2478 u=sabarish n=ansible | control                    : ok=7    changed=2    unreachable=0    failed=0    skipped=0    rescued=0    ignored=0   
2022-06-22 20:38:12,275 p=2848 u=sabarish n=ansible | ERROR! We were unable to read either as JSON nor YAML, these are the errors we got from each:
JSON: Expecting value: line 1 column 1 (char 0)

Syntax Error while loading YAML.
  did not find expected key

The error appears to be in '/Users/sabarish/Desktop/ansible/second/loop.yaml': line 8, column 20, but may
be elsewhere in the file depending on the exact syntax problem.

The offending line appears to be:

    yum:
     name: "{{item"}}
                   ^ here
We could be wrong, but this one looks like it might be an issue with
missing quotes. Always quote template expression brackets when they
start a value. For instance:

    with_items:
      - {{ foo }}

Should be written as:

    with_items:
      - "{{ foo }}"

2022-06-22 20:38:49,837 p=2859 u=sabarish n=ansible | ERROR! A playbook must be a list of plays, got a <class 'ansible.parsing.yaml.objects.AnsibleMapping'> instead

The error appears to be in '/Users/sabarish/Desktop/ansible/second/loop.yaml': line 2, column 1, but may
be elsewhere in the file depending on the exact syntax problem.

The offending line appears to be:

---
name: server
^ here

2022-06-22 20:39:06,617 p=2864 u=sabarish n=ansible | ERROR! A playbook must be a list of plays, got a <class 'ansible.parsing.yaml.objects.AnsibleMapping'> instead

The error appears to be in '/Users/sabarish/Desktop/ansible/second/loop.yaml': line 2, column 1, but may
be elsewhere in the file depending on the exact syntax problem.

The offending line appears to be:

---
name: server
^ here

2022-06-22 20:39:45,140 p=2875 u=sabarish n=ansible | ERROR! A playbook must be a list of plays, got a <class 'ansible.parsing.yaml.objects.AnsibleMapping'> instead

The error appears to be in '/Users/sabarish/Desktop/ansible/second/loop.yaml': line 2, column 1, but may
be elsewhere in the file depending on the exact syntax problem.

The offending line appears to be:

---
name: server
^ here

2022-06-22 20:40:14,056 p=2881 u=sabarish n=ansible | ERROR! A playbook must be a list of plays, got a <class 'ansible.parsing.yaml.objects.AnsibleMapping'> instead

The error appears to be in '/Users/sabarish/Desktop/ansible/second/loop.yaml': line 2, column 1, but may
be elsewhere in the file depending on the exact syntax problem.

The offending line appears to be:


name: server
^ here

2022-06-22 20:40:17,877 p=2884 u=sabarish n=ansible | ERROR! A playbook must be a list of plays, got a <class 'ansible.parsing.yaml.objects.AnsibleMapping'> instead

The error appears to be in '/Users/sabarish/Desktop/ansible/second/loop.yaml': line 2, column 1, but may
be elsewhere in the file depending on the exact syntax problem.

The offending line appears to be:


name: server
^ here

2022-06-22 20:40:51,931 p=2896 u=sabarish n=ansible | ERROR! A playbook must be a list of plays, got a <class 'ansible.parsing.yaml.objects.AnsibleMapping'> instead

The error appears to be in '/Users/sabarish/Desktop/ansible/second/loop.yaml': line 2, column 1, but may
be elsewhere in the file depending on the exact syntax problem.

The offending line appears to be:


name: server
^ here

2022-06-22 20:42:00,573 p=2911 u=sabarish n=ansible | playbook: loop.yaml
2022-06-22 20:42:08,158 p=2916 u=sabarish n=ansible | PLAY [server] ******************************************************************
2022-06-22 20:42:08,175 p=2916 u=sabarish n=ansible | TASK [Gathering Facts] *********************************************************
2022-06-22 20:42:20,875 p=2916 u=sabarish n=ansible | [WARNING]: Platform linux on host control is using the discovered Python
interpreter at /usr/bin/python3.7, but future installation of another Python
interpreter could change the meaning of that path. See
https://docs.ansible.com/ansible-
core/2.12/reference_appendices/interpreter_discovery.html for more information.

2022-06-22 20:42:20,876 p=2916 u=sabarish n=ansible | ok: [control]
2022-06-22 20:42:20,896 p=2916 u=sabarish n=ansible | TASK [loop] ********************************************************************
2022-06-22 20:42:20,915 p=2916 u=sabarish n=ansible | fatal: [control]: FAILED! => {"msg": "The conditional check 'ansible_distrbution == \"RedHat\"' failed. The error was: error while evaluating conditional (ansible_distrbution == \"RedHat\"): 'ansible_distrbution' is undefined\n\nThe error appears to be in '/Users/sabarish/Desktop/ansible/second/loop.yaml': line 6, column 5, but may\nbe elsewhere in the file depending on the exact syntax problem.\n\nThe offending line appears to be:\n\n  tasks:\n  - name: loop\n    ^ here\n"}
2022-06-22 20:42:20,916 p=2916 u=sabarish n=ansible | PLAY RECAP *********************************************************************
2022-06-22 20:42:20,916 p=2916 u=sabarish n=ansible | control                    : ok=1    changed=0    unreachable=0    failed=1    skipped=0    rescued=0    ignored=0   
2022-06-22 21:12:28,914 p=3129 u=sabarish n=ansible | control | FAILED! => {
    "msg": "The module ansible_family was not found in configured module paths"
}
2022-06-22 21:13:47,253 p=3157 u=sabarish n=ansible | control | FAILED! => {
    "msg": "The module ansible_distrbution was not found in configured module paths"
}
2022-06-22 21:14:02,615 p=3170 u=sabarish n=ansible | control | FAILED! => {
    "msg": "The module ansible_distribution was not found in configured module paths"
}
2022-06-22 21:15:37,165 p=3195 u=sabarish n=ansible | control | FAILED! => {
    "msg": "The module ansible_os_family was not found in configured module paths"
}
2022-06-22 21:16:02,632 p=3209 u=sabarish n=ansible | control | FAILED! => {
    "msg": "The module ansible_os_family was not found in configured module paths"
}
2022-06-22 21:19:06,154 p=3245 u=sabarish n=ansible | [WARNING]: Platform linux on host control is using the discovered Python
interpreter at /usr/bin/python3.7, but future installation of another Python
interpreter could change the meaning of that path. See
https://docs.ansible.com/ansible-
core/2.12/reference_appendices/interpreter_discovery.html for more information.

2022-06-22 21:19:06,157 p=3245 u=sabarish n=ansible | control | SUCCESS => {
    "ansible_facts": {
        "ansible_all_ipv4_addresses": [
            "172.31.91.182"
        ],
        "ansible_all_ipv6_addresses": [
            "fe80::1096:d1ff:febc:d129"
        ],
        "ansible_apparmor": {
            "status": "disabled"
        },
        "ansible_architecture": "x86_64",
        "ansible_bios_date": "08/24/2006",
        "ansible_bios_vendor": "Xen",
        "ansible_bios_version": "4.11.amazon",
        "ansible_board_asset_tag": "NA",
        "ansible_board_name": "NA",
        "ansible_board_serial": "NA",
        "ansible_board_vendor": "NA",
        "ansible_board_version": "NA",
        "ansible_chassis_asset_tag": "NA",
        "ansible_chassis_serial": "NA",
        "ansible_chassis_vendor": "Xen",
        "ansible_chassis_version": "NA",
        "ansible_cmdline": {
            "BOOT_IMAGE": "/boot/vmlinuz-5.10.118-111.515.amzn2.x86_64",
            "biosdevname": "0",
            "console": "ttyS0,115200n8",
            "net.ifnames": "0",
            "nvme_core.io_timeout": "4294967295",
            "rd.emergency": "poweroff",
            "rd.shell": "0",
            "ro": true,
            "root": "UUID=f33e7d3b-6786-4f40-875a-90f0f7e6b9a8"
        },
        "ansible_date_time": {
            "date": "2022-06-22",
            "day": "22",
            "epoch": "1655912946",
            "epoch_int": "1655912946",
            "hour": "15",
            "iso8601": "2022-06-22T15:49:06Z",
            "iso8601_basic": "20220622T154906843475",
            "iso8601_basic_short": "20220622T154906",
            "iso8601_micro": "2022-06-22T15:49:06.843475Z",
            "minute": "49",
            "month": "06",
            "second": "06",
            "time": "15:49:06",
            "tz": "UTC",
            "tz_dst": "UTC",
            "tz_offset": "+0000",
            "weekday": "Wednesday",
            "weekday_number": "3",
            "weeknumber": "25",
            "year": "2022"
        },
        "ansible_default_ipv4": {
            "address": "172.31.91.182",
            "alias": "eth0",
            "broadcast": "172.31.95.255",
            "gateway": "172.31.80.1",
            "interface": "eth0",
            "macaddress": "12:96:d1:bc:d1:29",
            "mtu": 9001,
            "netmask": "255.255.240.0",
            "network": "172.31.80.0",
            "type": "ether"
        },
        "ansible_default_ipv6": {},
        "ansible_device_links": {
            "ids": {},
            "labels": {
                "xvda1": [
                    "\\x2f"
                ]
            },
            "masters": {},
            "uuids": {
                "xvda1": [
                    "f33e7d3b-6786-4f40-875a-90f0f7e6b9a8"
                ]
            }
        },
        "ansible_devices": {
            "xvda": {
                "holders": [],
                "host": "",
                "links": {
                    "ids": [],
                    "labels": [],
                    "masters": [],
                    "uuids": []
                },
                "model": null,
                "partitions": {
                    "xvda1": {
                        "holders": [],
                        "links": {
                            "ids": [],
                            "labels": [
                                "\\x2f"
                            ],
                            "masters": [],
                            "uuids": [
                                "f33e7d3b-6786-4f40-875a-90f0f7e6b9a8"
                            ]
                        },
                        "sectors": "41938911",
                        "sectorsize": 512,
                        "size": "20.00 GB",
                        "start": "4096",
                        "uuid": "f33e7d3b-6786-4f40-875a-90f0f7e6b9a8"
                    }
                },
                "removable": "0",
                "rotational": "0",
                "sas_address": null,
                "sas_device_handle": null,
                "scheduler_mode": "mq-deadline",
                "sectors": "41943040",
                "sectorsize": "512",
                "size": "20.00 GB",
                "support_discard": "0",
                "vendor": null,
                "virtual": 1
            }
        },
        "ansible_distribution": "Amazon",
        "ansible_distribution_file_parsed": true,
        "ansible_distribution_file_path": "/etc/os-release",
        "ansible_distribution_file_variety": "Amazon",
        "ansible_distribution_major_version": "2",
        "ansible_distribution_minor_version": "NA",
        "ansible_distribution_release": "NA",
        "ansible_distribution_version": "2",
        "ansible_dns": {
            "nameservers": [
                "172.31.0.2"
            ],
            "options": {
                "attempts": "5",
                "timeout": "2"
            },
            "search": [
                "ec2.internal"
            ]
        },
        "ansible_domain": "ec2.internal",
        "ansible_effective_group_id": 0,
        "ansible_effective_user_id": 0,
        "ansible_env": {
            "HOME": "/root",
            "LANG": "en_US.UTF-8",
            "LC_CTYPE": "C.UTF-8",
            "LOGNAME": "root",
            "LS_COLORS": "rs=0:di=38;5;27:ln=38;5;51:mh=44;38;5;15:pi=40;38;5;11:so=38;5;13:do=38;5;5:bd=48;5;232;38;5;11:cd=48;5;232;38;5;3:or=48;5;232;38;5;9:mi=05;48;5;232;38;5;15:su=48;5;196;38;5;15:sg=48;5;11;38;5;16:ca=48;5;196;38;5;226:tw=48;5;10;38;5;16:ow=48;5;10;38;5;21:st=48;5;21;38;5;15:ex=38;5;34:*.tar=38;5;9:*.tgz=38;5;9:*.arc=38;5;9:*.arj=38;5;9:*.taz=38;5;9:*.lha=38;5;9:*.lz4=38;5;9:*.lzh=38;5;9:*.lzma=38;5;9:*.tlz=38;5;9:*.txz=38;5;9:*.tzo=38;5;9:*.t7z=38;5;9:*.zip=38;5;9:*.z=38;5;9:*.Z=38;5;9:*.dz=38;5;9:*.gz=38;5;9:*.lrz=38;5;9:*.lz=38;5;9:*.lzo=38;5;9:*.xz=38;5;9:*.bz2=38;5;9:*.bz=38;5;9:*.tbz=38;5;9:*.tbz2=38;5;9:*.tz=38;5;9:*.deb=38;5;9:*.rpm=38;5;9:*.jar=38;5;9:*.war=38;5;9:*.ear=38;5;9:*.sar=38;5;9:*.rar=38;5;9:*.alz=38;5;9:*.ace=38;5;9:*.zoo=38;5;9:*.cpio=38;5;9:*.7z=38;5;9:*.rz=38;5;9:*.cab=38;5;9:*.jpg=38;5;13:*.jpeg=38;5;13:*.gif=38;5;13:*.bmp=38;5;13:*.pbm=38;5;13:*.pgm=38;5;13:*.ppm=38;5;13:*.tga=38;5;13:*.xbm=38;5;13:*.xpm=38;5;13:*.tif=38;5;13:*.tiff=38;5;13:*.png=38;5;13:*.svg=38;5;13:*.svgz=38;5;13:*.mng=38;5;13:*.pcx=38;5;13:*.mov=38;5;13:*.mpg=38;5;13:*.mpeg=38;5;13:*.m2v=38;5;13:*.mkv=38;5;13:*.webm=38;5;13:*.ogm=38;5;13:*.mp4=38;5;13:*.m4v=38;5;13:*.mp4v=38;5;13:*.vob=38;5;13:*.qt=38;5;13:*.nuv=38;5;13:*.wmv=38;5;13:*.asf=38;5;13:*.rm=38;5;13:*.rmvb=38;5;13:*.flc=38;5;13:*.avi=38;5;13:*.fli=38;5;13:*.flv=38;5;13:*.gl=38;5;13:*.dl=38;5;13:*.xcf=38;5;13:*.xwd=38;5;13:*.yuv=38;5;13:*.cgm=38;5;13:*.emf=38;5;13:*.axv=38;5;13:*.anx=38;5;13:*.ogv=38;5;13:*.ogx=38;5;13:*.aac=38;5;45:*.au=38;5;45:*.flac=38;5;45:*.mid=38;5;45:*.midi=38;5;45:*.mka=38;5;45:*.mp3=38;5;45:*.mpc=38;5;45:*.ogg=38;5;45:*.ra=38;5;45:*.wav=38;5;45:*.axa=38;5;45:*.oga=38;5;45:*.spx=38;5;45:*.xspf=38;5;45:",
            "MAIL": "/var/mail/ec2-user",
            "PATH": "/sbin:/bin:/usr/sbin:/usr/bin",
            "PWD": "/home/ec2-user",
            "SHELL": "/bin/bash",
            "SHLVL": "1",
            "SUDO_COMMAND": "/bin/sh -c echo BECOME-SUCCESS-drlvgfegrtkopybieyoyrcnhhbfgrbun ; /usr/bin/python3.7 /home/ec2-user/.ansible/tmp/ansible-tmp-1655912937.547352-3248-25524660782655/AnsiballZ_setup.py",
            "SUDO_GID": "1000",
            "SUDO_UID": "1000",
            "SUDO_USER": "ec2-user",
            "TERM": "xterm-256color",
            "USER": "root",
            "USERNAME": "root",
            "XDG_SESSION_ID": "101",
            "_": "/usr/bin/python3.7"
        },
        "ansible_eth0": {
            "active": true,
            "device": "eth0",
            "features": {
                "esp_hw_offload": "off [fixed]",
                "esp_tx_csum_hw_offload": "off [fixed]",
                "fcoe_mtu": "off [fixed]",
                "generic_receive_offload": "on",
                "generic_segmentation_offload": "on",
                "highdma": "off [fixed]",
                "hw_tc_offload": "off [fixed]",
                "l2_fwd_offload": "off [fixed]",
                "large_receive_offload": "off [fixed]",
                "loopback": "off [fixed]",
                "macsec_hw_offload": "off [fixed]",
                "netns_local": "off [fixed]",
                "ntuple_filters": "off [fixed]",
                "receive_hashing": "off [fixed]",
                "rx_all": "off [fixed]",
                "rx_checksumming": "on [fixed]",
                "rx_fcs": "off [fixed]",
                "rx_gro_hw": "off [fixed]",
                "rx_gro_list": "off",
                "rx_udp_tunnel_port_offload": "off [fixed]",
                "rx_vlan_filter": "off [fixed]",
                "rx_vlan_offload": "off [fixed]",
                "rx_vlan_stag_filter": "off [fixed]",
                "rx_vlan_stag_hw_parse": "off [fixed]",
                "scatter_gather": "on",
                "tcp_segmentation_offload": "on",
                "tls_hw_record": "off [fixed]",
                "tls_hw_rx_offload": "off [fixed]",
                "tls_hw_tx_offload": "off [fixed]",
                "tx_checksum_fcoe_crc": "off [fixed]",
                "tx_checksum_ip_generic": "off [fixed]",
                "tx_checksum_ipv4": "on [fixed]",
                "tx_checksum_ipv6": "on",
                "tx_checksum_sctp": "off [fixed]",
                "tx_checksumming": "on",
                "tx_esp_segmentation": "off [fixed]",
                "tx_fcoe_segmentation": "off [fixed]",
                "tx_gre_csum_segmentation": "off [fixed]",
                "tx_gre_segmentation": "off [fixed]",
                "tx_gso_list": "off [fixed]",
                "tx_gso_partial": "off [fixed]",
                "tx_gso_robust": "on [fixed]",
                "tx_ipxip4_segmentation": "off [fixed]",
                "tx_ipxip6_segmentation": "off [fixed]",
                "tx_lockless": "off [fixed]",
                "tx_nocache_copy": "off",
                "tx_scatter_gather": "on",
                "tx_scatter_gather_fraglist": "off [fixed]",
                "tx_sctp_segmentation": "off [fixed]",
                "tx_tcp6_segmentation": "on",
                "tx_tcp_ecn_segmentation": "off [fixed]",
                "tx_tcp_mangleid_segmentation": "off",
                "tx_tcp_segmentation": "on",
                "tx_tunnel_remcsum_segmentation": "off [fixed]",
                "tx_udp_segmentation": "off [fixed]",
                "tx_udp_tnl_csum_segmentation": "off [fixed]",
                "tx_udp_tnl_segmentation": "off [fixed]",
                "tx_vlan_offload": "off [fixed]",
                "tx_vlan_stag_hw_insert": "off [fixed]",
                "udp_fragmentation_offload": "off",
                "vlan_challenged": "off [fixed]"
            },
            "hw_timestamp_filters": [],
            "ipv4": {
                "address": "172.31.91.182",
                "broadcast": "172.31.95.255",
                "netmask": "255.255.240.0",
                "network": "172.31.80.0"
            },
            "ipv6": [
                {
                    "address": "fe80::1096:d1ff:febc:d129",
                    "prefix": "64",
                    "scope": "link"
                }
            ],
            "macaddress": "12:96:d1:bc:d1:29",
            "module": "xen_netfront",
            "mtu": 9001,
            "pciid": "vif-0",
            "promisc": false,
            "timestamping": [
                "tx_software",
                "rx_software",
                "software"
            ],
            "type": "ether"
        },
        "ansible_fibre_channel_wwn": [],
        "ansible_fips": false,
        "ansible_form_factor": "Other",
        "ansible_fqdn": "ip-172-31-91-182.ec2.internal",
        "ansible_hostname": "ip-172-31-91-182",
        "ansible_hostnqn": "",
        "ansible_interfaces": [
            "eth0",
            "lo"
        ],
        "ansible_is_chroot": false,
        "ansible_iscsi_iqn": "",
        "ansible_kernel": "5.10.118-111.515.amzn2.x86_64",
        "ansible_kernel_version": "#1 SMP Wed May 25 22:12:19 UTC 2022",
        "ansible_lo": {
            "active": true,
            "device": "lo",
            "features": {
                "esp_hw_offload": "off [fixed]",
                "esp_tx_csum_hw_offload": "off [fixed]",
                "fcoe_mtu": "off [fixed]",
                "generic_receive_offload": "on",
                "generic_segmentation_offload": "on",
                "highdma": "on [fixed]",
                "hw_tc_offload": "off [fixed]",
                "l2_fwd_offload": "off [fixed]",
                "large_receive_offload": "off [fixed]",
                "loopback": "on [fixed]",
                "macsec_hw_offload": "off [fixed]",
                "netns_local": "on [fixed]",
                "ntuple_filters": "off [fixed]",
                "receive_hashing": "off [fixed]",
                "rx_all": "off [fixed]",
                "rx_checksumming": "on [fixed]",
                "rx_fcs": "off [fixed]",
                "rx_gro_hw": "off [fixed]",
                "rx_gro_list": "off",
                "rx_udp_tunnel_port_offload": "off [fixed]",
                "rx_vlan_filter": "off [fixed]",
                "rx_vlan_offload": "off [fixed]",
                "rx_vlan_stag_filter": "off [fixed]",
                "rx_vlan_stag_hw_parse": "off [fixed]",
                "scatter_gather": "on",
                "tcp_segmentation_offload": "on",
                "tls_hw_record": "off [fixed]",
                "tls_hw_rx_offload": "off [fixed]",
                "tls_hw_tx_offload": "off [fixed]",
                "tx_checksum_fcoe_crc": "off [fixed]",
                "tx_checksum_ip_generic": "on [fixed]",
                "tx_checksum_ipv4": "off [fixed]",
                "tx_checksum_ipv6": "off [fixed]",
                "tx_checksum_sctp": "on [fixed]",
                "tx_checksumming": "on",
                "tx_esp_segmentation": "off [fixed]",
                "tx_fcoe_segmentation": "off [fixed]",
                "tx_gre_csum_segmentation": "off [fixed]",
                "tx_gre_segmentation": "off [fixed]",
                "tx_gso_list": "off [fixed]",
                "tx_gso_partial": "off [fixed]",
                "tx_gso_robust": "off [fixed]",
                "tx_ipxip4_segmentation": "off [fixed]",
                "tx_ipxip6_segmentation": "off [fixed]",
                "tx_lockless": "on [fixed]",
                "tx_nocache_copy": "off [fixed]",
                "tx_scatter_gather": "on [fixed]",
                "tx_scatter_gather_fraglist": "on [fixed]",
                "tx_sctp_segmentation": "on",
                "tx_tcp6_segmentation": "on",
                "tx_tcp_ecn_segmentation": "on",
                "tx_tcp_mangleid_segmentation": "on",
                "tx_tcp_segmentation": "on",
                "tx_tunnel_remcsum_segmentation": "off [fixed]",
                "tx_udp_segmentation": "off [fixed]",
                "tx_udp_tnl_csum_segmentation": "off [fixed]",
                "tx_udp_tnl_segmentation": "off [fixed]",
                "tx_vlan_offload": "off [fixed]",
                "tx_vlan_stag_hw_insert": "off [fixed]",
                "udp_fragmentation_offload": "off",
                "vlan_challenged": "on [fixed]"
            },
            "hw_timestamp_filters": [],
            "ipv4": {
                "address": "127.0.0.1",
                "broadcast": "",
                "netmask": "255.0.0.0",
                "network": "127.0.0.0"
            },
            "ipv6": [
                {
                    "address": "::1",
                    "prefix": "128",
                    "scope": "host"
                }
            ],
            "mtu": 65536,
            "promisc": false,
            "timestamping": [
                "tx_software",
                "rx_software",
                "software"
            ],
            "type": "loopback"
        },
        "ansible_local": {},
        "ansible_lsb": {},
        "ansible_lvm": {
            "lvs": {},
            "pvs": {},
            "vgs": {}
        },
        "ansible_machine": "x86_64",
        "ansible_machine_id": "55b4c8a460c14af6a6964bf4befc1c72",
        "ansible_memfree_mb": 238,
        "ansible_memory_mb": {
            "nocache": {
                "free": 794,
                "used": 171
            },
            "real": {
                "free": 238,
                "total": 965,
                "used": 727
            },
            "swap": {
                "cached": 0,
                "free": 0,
                "total": 0,
                "used": 0
            }
        },
        "ansible_memtotal_mb": 965,
        "ansible_mounts": [
            {
                "block_available": 4824793,
                "block_size": 4096,
                "block_total": 5239803,
                "block_used": 415010,
                "device": "/dev/xvda1",
                "fstype": "xfs",
                "inode_available": 10435515,
                "inode_total": 10484720,
                "inode_used": 49205,
                "mount": "/",
                "options": "rw,noatime,attr2,inode64,logbufs=8,logbsize=32k,noquota",
                "size_available": 19762352128,
                "size_total": 21462233088,
                "uuid": "f33e7d3b-6786-4f40-875a-90f0f7e6b9a8"
            }
        ],
        "ansible_nodename": "ip-172-31-91-182.ec2.internal",
        "ansible_os_family": "RedHat",
        "ansible_pkg_mgr": "yum",
        "ansible_proc_cmdline": {
            "BOOT_IMAGE": "/boot/vmlinuz-5.10.118-111.515.amzn2.x86_64",
            "biosdevname": "0",
            "console": [
                "tty0",
                "ttyS0,115200n8"
            ],
            "net.ifnames": "0",
            "nvme_core.io_timeout": "4294967295",
            "rd.emergency": "poweroff",
            "rd.shell": "0",
            "ro": true,
            "root": "UUID=f33e7d3b-6786-4f40-875a-90f0f7e6b9a8"
        },
        "ansible_processor": [
            "0",
            "GenuineIntel",
            "Intel(R) Xeon(R) CPU E5-2676 v3 @ 2.40GHz"
        ],
        "ansible_processor_cores": 1,
        "ansible_processor_count": 1,
        "ansible_processor_nproc": 1,
        "ansible_processor_threads_per_core": 1,
        "ansible_processor_vcpus": 1,
        "ansible_product_name": "HVM domU",
        "ansible_product_serial": "ec273d2f-c2ab-fb6d-b31d-bd71b4a9d206",
        "ansible_product_uuid": "ec273d2f-c2ab-fb6d-b31d-bd71b4a9d206",
        "ansible_product_version": "4.11.amazon",
        "ansible_python": {
            "executable": "/usr/bin/python3.7",
            "has_sslcontext": true,
            "type": "cpython",
            "version": {
                "major": 3,
                "micro": 10,
                "minor": 7,
                "releaselevel": "final",
                "serial": 0
            },
            "version_info": [
                3,
                7,
                10,
                "final",
                0
            ]
        },
        "ansible_python_version": "3.7.10",
        "ansible_real_group_id": 0,
        "ansible_real_user_id": 0,
        "ansible_selinux": {
            "status": "disabled"
        },
        "ansible_selinux_python_present": true,
        "ansible_service_mgr": "systemd",
        "ansible_ssh_host_key_ecdsa_public": "AAAAE2VjZHNhLXNoYTItbmlzdHAyNTYAAAAIbmlzdHAyNTYAAABBBCG6ufSSjzcKzLm9X5ZqvZnpTRBdj9DFzskqtbzUVNbQqZl4zmSThfwkkbRM1ctQPA8iEjplYjH07+1pR77CH8s=",
        "ansible_ssh_host_key_ecdsa_public_keytype": "ecdsa-sha2-nistp256",
        "ansible_ssh_host_key_ed25519_public": "AAAAC3NzaC1lZDI1NTE5AAAAILVR+koMhBQuF1mkavNp2RTwItxgS3xDZXP+YmfuP9+7",
        "ansible_ssh_host_key_ed25519_public_keytype": "ssh-ed25519",
        "ansible_ssh_host_key_rsa_public": "AAAAB3NzaC1yc2EAAAADAQABAAABAQDV+w5kH/S4qnJy/PZPUm9gPsRsIwPYLP/PLrkyByhtc2d8r1QrufoR0zXhnLyEO12T5vClh9NHHC8LMM3SKUH3rHACMStQpVRUZhEfZrP50PbM17l7rlcz8+Pylp9nFA2ynNCKKZrC56pju6YqcIllPxN2SacPbdOZd/DiqRzvDKcBc1QrYO9Elc6LCQ+V/Y16k9co2Ts7vAk/4Y8eieETTLI1GLxW5SSJIiHPGA8M/FkacuDMorr+3m/xH0k6z2n+oBlvwZUzM8U0ewjiehDhMZd357uGQzmMrDSkSjdcBdR7Kw62BWOmKotb4RCWtyBude9WRoVqUzE0GKhrS5fj",
        "ansible_ssh_host_key_rsa_public_keytype": "ssh-rsa",
        "ansible_swapfree_mb": 0,
        "ansible_swaptotal_mb": 0,
        "ansible_system": "Linux",
        "ansible_system_capabilities": [],
        "ansible_system_capabilities_enforced": "False",
        "ansible_system_vendor": "Xen",
        "ansible_uptime_seconds": 41239,
        "ansible_user_dir": "/root",
        "ansible_user_gecos": "root",
        "ansible_user_gid": 0,
        "ansible_user_id": "root",
        "ansible_user_shell": "/bin/bash",
        "ansible_user_uid": 0,
        "ansible_userspace_architecture": "x86_64",
        "ansible_userspace_bits": "64",
        "ansible_virtualization_role": "guest",
        "ansible_virtualization_tech_guest": [
            "xen"
        ],
        "ansible_virtualization_tech_host": [],
        "ansible_virtualization_type": "xen",
        "discovered_interpreter_python": "/usr/bin/python3.7",
        "gather_subset": [
            "all"
        ],
        "module_setup": true
    },
    "changed": false
}
2022-06-22 21:19:35,333 p=3268 u=sabarish n=ansible | [WARNING]: Platform linux on host control is using the discovered Python
interpreter at /usr/bin/python3.7, but future installation of another Python
interpreter could change the meaning of that path. See
https://docs.ansible.com/ansible-
core/2.12/reference_appendices/interpreter_discovery.html for more information.

2022-06-22 21:19:35,335 p=3268 u=sabarish n=ansible | control | SUCCESS => {
    "ansible_facts": {
        "ansible_all_ipv4_addresses": [
            "172.31.91.182"
        ],
        "ansible_all_ipv6_addresses": [
            "fe80::1096:d1ff:febc:d129"
        ],
        "ansible_apparmor": {
            "status": "disabled"
        },
        "ansible_architecture": "x86_64",
        "ansible_bios_date": "08/24/2006",
        "ansible_bios_vendor": "Xen",
        "ansible_bios_version": "4.11.amazon",
        "ansible_board_asset_tag": "NA",
        "ansible_board_name": "NA",
        "ansible_board_serial": "NA",
        "ansible_board_vendor": "NA",
        "ansible_board_version": "NA",
        "ansible_chassis_asset_tag": "NA",
        "ansible_chassis_serial": "NA",
        "ansible_chassis_vendor": "Xen",
        "ansible_chassis_version": "NA",
        "ansible_cmdline": {
            "BOOT_IMAGE": "/boot/vmlinuz-5.10.118-111.515.amzn2.x86_64",
            "biosdevname": "0",
            "console": "ttyS0,115200n8",
            "net.ifnames": "0",
            "nvme_core.io_timeout": "4294967295",
            "rd.emergency": "poweroff",
            "rd.shell": "0",
            "ro": true,
            "root": "UUID=f33e7d3b-6786-4f40-875a-90f0f7e6b9a8"
        },
        "ansible_date_time": {
            "date": "2022-06-22",
            "day": "22",
            "epoch": "1655912976",
            "epoch_int": "1655912976",
            "hour": "15",
            "iso8601": "2022-06-22T15:49:36Z",
            "iso8601_basic": "20220622T154936385392",
            "iso8601_basic_short": "20220622T154936",
            "iso8601_micro": "2022-06-22T15:49:36.385392Z",
            "minute": "49",
            "month": "06",
            "second": "36",
            "time": "15:49:36",
            "tz": "UTC",
            "tz_dst": "UTC",
            "tz_offset": "+0000",
            "weekday": "Wednesday",
            "weekday_number": "3",
            "weeknumber": "25",
            "year": "2022"
        },
        "ansible_default_ipv4": {
            "address": "172.31.91.182",
            "alias": "eth0",
            "broadcast": "172.31.95.255",
            "gateway": "172.31.80.1",
            "interface": "eth0",
            "macaddress": "12:96:d1:bc:d1:29",
            "mtu": 9001,
            "netmask": "255.255.240.0",
            "network": "172.31.80.0",
            "type": "ether"
        },
        "ansible_default_ipv6": {},
        "ansible_device_links": {
            "ids": {},
            "labels": {
                "xvda1": [
                    "\\x2f"
                ]
            },
            "masters": {},
            "uuids": {
                "xvda1": [
                    "f33e7d3b-6786-4f40-875a-90f0f7e6b9a8"
                ]
            }
        },
        "ansible_devices": {
            "xvda": {
                "holders": [],
                "host": "",
                "links": {
                    "ids": [],
                    "labels": [],
                    "masters": [],
                    "uuids": []
                },
                "model": null,
                "partitions": {
                    "xvda1": {
                        "holders": [],
                        "links": {
                            "ids": [],
                            "labels": [
                                "\\x2f"
                            ],
                            "masters": [],
                            "uuids": [
                                "f33e7d3b-6786-4f40-875a-90f0f7e6b9a8"
                            ]
                        },
                        "sectors": "41938911",
                        "sectorsize": 512,
                        "size": "20.00 GB",
                        "start": "4096",
                        "uuid": "f33e7d3b-6786-4f40-875a-90f0f7e6b9a8"
                    }
                },
                "removable": "0",
                "rotational": "0",
                "sas_address": null,
                "sas_device_handle": null,
                "scheduler_mode": "mq-deadline",
                "sectors": "41943040",
                "sectorsize": "512",
                "size": "20.00 GB",
                "support_discard": "0",
                "vendor": null,
                "virtual": 1
            }
        },
        "ansible_distribution": "Amazon",
        "ansible_distribution_file_parsed": true,
        "ansible_distribution_file_path": "/etc/os-release",
        "ansible_distribution_file_variety": "Amazon",
        "ansible_distribution_major_version": "2",
        "ansible_distribution_minor_version": "NA",
        "ansible_distribution_release": "NA",
        "ansible_distribution_version": "2",
        "ansible_dns": {
            "nameservers": [
                "172.31.0.2"
            ],
            "options": {
                "attempts": "5",
                "timeout": "2"
            },
            "search": [
                "ec2.internal"
            ]
        },
        "ansible_domain": "ec2.internal",
        "ansible_effective_group_id": 0,
        "ansible_effective_user_id": 0,
        "ansible_env": {
            "HOME": "/root",
            "LANG": "en_US.UTF-8",
            "LC_CTYPE": "C.UTF-8",
            "LOGNAME": "root",
            "LS_COLORS": "rs=0:di=38;5;27:ln=38;5;51:mh=44;38;5;15:pi=40;38;5;11:so=38;5;13:do=38;5;5:bd=48;5;232;38;5;11:cd=48;5;232;38;5;3:or=48;5;232;38;5;9:mi=05;48;5;232;38;5;15:su=48;5;196;38;5;15:sg=48;5;11;38;5;16:ca=48;5;196;38;5;226:tw=48;5;10;38;5;16:ow=48;5;10;38;5;21:st=48;5;21;38;5;15:ex=38;5;34:*.tar=38;5;9:*.tgz=38;5;9:*.arc=38;5;9:*.arj=38;5;9:*.taz=38;5;9:*.lha=38;5;9:*.lz4=38;5;9:*.lzh=38;5;9:*.lzma=38;5;9:*.tlz=38;5;9:*.txz=38;5;9:*.tzo=38;5;9:*.t7z=38;5;9:*.zip=38;5;9:*.z=38;5;9:*.Z=38;5;9:*.dz=38;5;9:*.gz=38;5;9:*.lrz=38;5;9:*.lz=38;5;9:*.lzo=38;5;9:*.xz=38;5;9:*.bz2=38;5;9:*.bz=38;5;9:*.tbz=38;5;9:*.tbz2=38;5;9:*.tz=38;5;9:*.deb=38;5;9:*.rpm=38;5;9:*.jar=38;5;9:*.war=38;5;9:*.ear=38;5;9:*.sar=38;5;9:*.rar=38;5;9:*.alz=38;5;9:*.ace=38;5;9:*.zoo=38;5;9:*.cpio=38;5;9:*.7z=38;5;9:*.rz=38;5;9:*.cab=38;5;9:*.jpg=38;5;13:*.jpeg=38;5;13:*.gif=38;5;13:*.bmp=38;5;13:*.pbm=38;5;13:*.pgm=38;5;13:*.ppm=38;5;13:*.tga=38;5;13:*.xbm=38;5;13:*.xpm=38;5;13:*.tif=38;5;13:*.tiff=38;5;13:*.png=38;5;13:*.svg=38;5;13:*.svgz=38;5;13:*.mng=38;5;13:*.pcx=38;5;13:*.mov=38;5;13:*.mpg=38;5;13:*.mpeg=38;5;13:*.m2v=38;5;13:*.mkv=38;5;13:*.webm=38;5;13:*.ogm=38;5;13:*.mp4=38;5;13:*.m4v=38;5;13:*.mp4v=38;5;13:*.vob=38;5;13:*.qt=38;5;13:*.nuv=38;5;13:*.wmv=38;5;13:*.asf=38;5;13:*.rm=38;5;13:*.rmvb=38;5;13:*.flc=38;5;13:*.avi=38;5;13:*.fli=38;5;13:*.flv=38;5;13:*.gl=38;5;13:*.dl=38;5;13:*.xcf=38;5;13:*.xwd=38;5;13:*.yuv=38;5;13:*.cgm=38;5;13:*.emf=38;5;13:*.axv=38;5;13:*.anx=38;5;13:*.ogv=38;5;13:*.ogx=38;5;13:*.aac=38;5;45:*.au=38;5;45:*.flac=38;5;45:*.mid=38;5;45:*.midi=38;5;45:*.mka=38;5;45:*.mp3=38;5;45:*.mpc=38;5;45:*.ogg=38;5;45:*.ra=38;5;45:*.wav=38;5;45:*.axa=38;5;45:*.oga=38;5;45:*.spx=38;5;45:*.xspf=38;5;45:",
            "MAIL": "/var/mail/ec2-user",
            "PATH": "/sbin:/bin:/usr/sbin:/usr/bin",
            "PWD": "/home/ec2-user",
            "SHELL": "/bin/bash",
            "SHLVL": "1",
            "SUDO_COMMAND": "/bin/sh -c echo BECOME-SUCCESS-blaydqdzeilicjldnppdcmuyeijzsbue ; /usr/bin/python3.7 /home/ec2-user/.ansible/tmp/ansible-tmp-1655912966.4139252-3271-108075878679722/AnsiballZ_setup.py",
            "SUDO_GID": "1000",
            "SUDO_UID": "1000",
            "SUDO_USER": "ec2-user",
            "TERM": "xterm-256color",
            "USER": "root",
            "USERNAME": "root",
            "XDG_SESSION_ID": "101",
            "_": "/usr/bin/python3.7"
        },
        "ansible_eth0": {
            "active": true,
            "device": "eth0",
            "features": {
                "esp_hw_offload": "off [fixed]",
                "esp_tx_csum_hw_offload": "off [fixed]",
                "fcoe_mtu": "off [fixed]",
                "generic_receive_offload": "on",
                "generic_segmentation_offload": "on",
                "highdma": "off [fixed]",
                "hw_tc_offload": "off [fixed]",
                "l2_fwd_offload": "off [fixed]",
                "large_receive_offload": "off [fixed]",
                "loopback": "off [fixed]",
                "macsec_hw_offload": "off [fixed]",
                "netns_local": "off [fixed]",
                "ntuple_filters": "off [fixed]",
                "receive_hashing": "off [fixed]",
                "rx_all": "off [fixed]",
                "rx_checksumming": "on [fixed]",
                "rx_fcs": "off [fixed]",
                "rx_gro_hw": "off [fixed]",
                "rx_gro_list": "off",
                "rx_udp_tunnel_port_offload": "off [fixed]",
                "rx_vlan_filter": "off [fixed]",
                "rx_vlan_offload": "off [fixed]",
                "rx_vlan_stag_filter": "off [fixed]",
                "rx_vlan_stag_hw_parse": "off [fixed]",
                "scatter_gather": "on",
                "tcp_segmentation_offload": "on",
                "tls_hw_record": "off [fixed]",
                "tls_hw_rx_offload": "off [fixed]",
                "tls_hw_tx_offload": "off [fixed]",
                "tx_checksum_fcoe_crc": "off [fixed]",
                "tx_checksum_ip_generic": "off [fixed]",
                "tx_checksum_ipv4": "on [fixed]",
                "tx_checksum_ipv6": "on",
                "tx_checksum_sctp": "off [fixed]",
                "tx_checksumming": "on",
                "tx_esp_segmentation": "off [fixed]",
                "tx_fcoe_segmentation": "off [fixed]",
                "tx_gre_csum_segmentation": "off [fixed]",
                "tx_gre_segmentation": "off [fixed]",
                "tx_gso_list": "off [fixed]",
                "tx_gso_partial": "off [fixed]",
                "tx_gso_robust": "on [fixed]",
                "tx_ipxip4_segmentation": "off [fixed]",
                "tx_ipxip6_segmentation": "off [fixed]",
                "tx_lockless": "off [fixed]",
                "tx_nocache_copy": "off",
                "tx_scatter_gather": "on",
                "tx_scatter_gather_fraglist": "off [fixed]",
                "tx_sctp_segmentation": "off [fixed]",
                "tx_tcp6_segmentation": "on",
                "tx_tcp_ecn_segmentation": "off [fixed]",
                "tx_tcp_mangleid_segmentation": "off",
                "tx_tcp_segmentation": "on",
                "tx_tunnel_remcsum_segmentation": "off [fixed]",
                "tx_udp_segmentation": "off [fixed]",
                "tx_udp_tnl_csum_segmentation": "off [fixed]",
                "tx_udp_tnl_segmentation": "off [fixed]",
                "tx_vlan_offload": "off [fixed]",
                "tx_vlan_stag_hw_insert": "off [fixed]",
                "udp_fragmentation_offload": "off",
                "vlan_challenged": "off [fixed]"
            },
            "hw_timestamp_filters": [],
            "ipv4": {
                "address": "172.31.91.182",
                "broadcast": "172.31.95.255",
                "netmask": "255.255.240.0",
                "network": "172.31.80.0"
            },
            "ipv6": [
                {
                    "address": "fe80::1096:d1ff:febc:d129",
                    "prefix": "64",
                    "scope": "link"
                }
            ],
            "macaddress": "12:96:d1:bc:d1:29",
            "module": "xen_netfront",
            "mtu": 9001,
            "pciid": "vif-0",
            "promisc": false,
            "timestamping": [
                "tx_software",
                "rx_software",
                "software"
            ],
            "type": "ether"
        },
        "ansible_fibre_channel_wwn": [],
        "ansible_fips": false,
        "ansible_form_factor": "Other",
        "ansible_fqdn": "ip-172-31-91-182.ec2.internal",
        "ansible_hostname": "ip-172-31-91-182",
        "ansible_hostnqn": "",
        "ansible_interfaces": [
            "eth0",
            "lo"
        ],
        "ansible_is_chroot": false,
        "ansible_iscsi_iqn": "",
        "ansible_kernel": "5.10.118-111.515.amzn2.x86_64",
        "ansible_kernel_version": "#1 SMP Wed May 25 22:12:19 UTC 2022",
        "ansible_lo": {
            "active": true,
            "device": "lo",
            "features": {
                "esp_hw_offload": "off [fixed]",
                "esp_tx_csum_hw_offload": "off [fixed]",
                "fcoe_mtu": "off [fixed]",
                "generic_receive_offload": "on",
                "generic_segmentation_offload": "on",
                "highdma": "on [fixed]",
                "hw_tc_offload": "off [fixed]",
                "l2_fwd_offload": "off [fixed]",
                "large_receive_offload": "off [fixed]",
                "loopback": "on [fixed]",
                "macsec_hw_offload": "off [fixed]",
                "netns_local": "on [fixed]",
                "ntuple_filters": "off [fixed]",
                "receive_hashing": "off [fixed]",
                "rx_all": "off [fixed]",
                "rx_checksumming": "on [fixed]",
                "rx_fcs": "off [fixed]",
                "rx_gro_hw": "off [fixed]",
                "rx_gro_list": "off",
                "rx_udp_tunnel_port_offload": "off [fixed]",
                "rx_vlan_filter": "off [fixed]",
                "rx_vlan_offload": "off [fixed]",
                "rx_vlan_stag_filter": "off [fixed]",
                "rx_vlan_stag_hw_parse": "off [fixed]",
                "scatter_gather": "on",
                "tcp_segmentation_offload": "on",
                "tls_hw_record": "off [fixed]",
                "tls_hw_rx_offload": "off [fixed]",
                "tls_hw_tx_offload": "off [fixed]",
                "tx_checksum_fcoe_crc": "off [fixed]",
                "tx_checksum_ip_generic": "on [fixed]",
                "tx_checksum_ipv4": "off [fixed]",
                "tx_checksum_ipv6": "off [fixed]",
                "tx_checksum_sctp": "on [fixed]",
                "tx_checksumming": "on",
                "tx_esp_segmentation": "off [fixed]",
                "tx_fcoe_segmentation": "off [fixed]",
                "tx_gre_csum_segmentation": "off [fixed]",
                "tx_gre_segmentation": "off [fixed]",
                "tx_gso_list": "off [fixed]",
                "tx_gso_partial": "off [fixed]",
                "tx_gso_robust": "off [fixed]",
                "tx_ipxip4_segmentation": "off [fixed]",
                "tx_ipxip6_segmentation": "off [fixed]",
                "tx_lockless": "on [fixed]",
                "tx_nocache_copy": "off [fixed]",
                "tx_scatter_gather": "on [fixed]",
                "tx_scatter_gather_fraglist": "on [fixed]",
                "tx_sctp_segmentation": "on",
                "tx_tcp6_segmentation": "on",
                "tx_tcp_ecn_segmentation": "on",
                "tx_tcp_mangleid_segmentation": "on",
                "tx_tcp_segmentation": "on",
                "tx_tunnel_remcsum_segmentation": "off [fixed]",
                "tx_udp_segmentation": "off [fixed]",
                "tx_udp_tnl_csum_segmentation": "off [fixed]",
                "tx_udp_tnl_segmentation": "off [fixed]",
                "tx_vlan_offload": "off [fixed]",
                "tx_vlan_stag_hw_insert": "off [fixed]",
                "udp_fragmentation_offload": "off",
                "vlan_challenged": "on [fixed]"
            },
            "hw_timestamp_filters": [],
            "ipv4": {
                "address": "127.0.0.1",
                "broadcast": "",
                "netmask": "255.0.0.0",
                "network": "127.0.0.0"
            },
            "ipv6": [
                {
                    "address": "::1",
                    "prefix": "128",
                    "scope": "host"
                }
            ],
            "mtu": 65536,
            "promisc": false,
            "timestamping": [
                "tx_software",
                "rx_software",
                "software"
            ],
            "type": "loopback"
        },
        "ansible_local": {},
        "ansible_lsb": {},
        "ansible_lvm": {
            "lvs": {},
            "pvs": {},
            "vgs": {}
        },
        "ansible_machine": "x86_64",
        "ansible_machine_id": "55b4c8a460c14af6a6964bf4befc1c72",
        "ansible_memfree_mb": 238,
        "ansible_memory_mb": {
            "nocache": {
                "free": 794,
                "used": 171
            },
            "real": {
                "free": 238,
                "total": 965,
                "used": 727
            },
            "swap": {
                "cached": 0,
                "free": 0,
                "total": 0,
                "used": 0
            }
        },
        "ansible_memtotal_mb": 965,
        "ansible_mounts": [
            {
                "block_available": 4824788,
                "block_size": 4096,
                "block_total": 5239803,
                "block_used": 415015,
                "device": "/dev/xvda1",
                "fstype": "xfs",
                "inode_available": 10435515,
                "inode_total": 10484720,
                "inode_used": 49205,
                "mount": "/",
                "options": "rw,noatime,attr2,inode64,logbufs=8,logbsize=32k,noquota",
                "size_available": 19762331648,
                "size_total": 21462233088,
                "uuid": "f33e7d3b-6786-4f40-875a-90f0f7e6b9a8"
            }
        ],
        "ansible_nodename": "ip-172-31-91-182.ec2.internal",
        "ansible_os_family": "RedHat",
        "ansible_pkg_mgr": "yum",
        "ansible_proc_cmdline": {
            "BOOT_IMAGE": "/boot/vmlinuz-5.10.118-111.515.amzn2.x86_64",
            "biosdevname": "0",
            "console": [
                "tty0",
                "ttyS0,115200n8"
            ],
            "net.ifnames": "0",
            "nvme_core.io_timeout": "4294967295",
            "rd.emergency": "poweroff",
            "rd.shell": "0",
            "ro": true,
            "root": "UUID=f33e7d3b-6786-4f40-875a-90f0f7e6b9a8"
        },
        "ansible_processor": [
            "0",
            "GenuineIntel",
            "Intel(R) Xeon(R) CPU E5-2676 v3 @ 2.40GHz"
        ],
        "ansible_processor_cores": 1,
        "ansible_processor_count": 1,
        "ansible_processor_nproc": 1,
        "ansible_processor_threads_per_core": 1,
        "ansible_processor_vcpus": 1,
        "ansible_product_name": "HVM domU",
        "ansible_product_serial": "ec273d2f-c2ab-fb6d-b31d-bd71b4a9d206",
        "ansible_product_uuid": "ec273d2f-c2ab-fb6d-b31d-bd71b4a9d206",
        "ansible_product_version": "4.11.amazon",
        "ansible_python": {
            "executable": "/usr/bin/python3.7",
            "has_sslcontext": true,
            "type": "cpython",
            "version": {
                "major": 3,
                "micro": 10,
                "minor": 7,
                "releaselevel": "final",
                "serial": 0
            },
            "version_info": [
                3,
                7,
                10,
                "final",
                0
            ]
        },
        "ansible_python_version": "3.7.10",
        "ansible_real_group_id": 0,
        "ansible_real_user_id": 0,
        "ansible_selinux": {
            "status": "disabled"
        },
        "ansible_selinux_python_present": true,
        "ansible_service_mgr": "systemd",
        "ansible_ssh_host_key_ecdsa_public": "AAAAE2VjZHNhLXNoYTItbmlzdHAyNTYAAAAIbmlzdHAyNTYAAABBBCG6ufSSjzcKzLm9X5ZqvZnpTRBdj9DFzskqtbzUVNbQqZl4zmSThfwkkbRM1ctQPA8iEjplYjH07+1pR77CH8s=",
        "ansible_ssh_host_key_ecdsa_public_keytype": "ecdsa-sha2-nistp256",
        "ansible_ssh_host_key_ed25519_public": "AAAAC3NzaC1lZDI1NTE5AAAAILVR+koMhBQuF1mkavNp2RTwItxgS3xDZXP+YmfuP9+7",
        "ansible_ssh_host_key_ed25519_public_keytype": "ssh-ed25519",
        "ansible_ssh_host_key_rsa_public": "AAAAB3NzaC1yc2EAAAADAQABAAABAQDV+w5kH/S4qnJy/PZPUm9gPsRsIwPYLP/PLrkyByhtc2d8r1QrufoR0zXhnLyEO12T5vClh9NHHC8LMM3SKUH3rHACMStQpVRUZhEfZrP50PbM17l7rlcz8+Pylp9nFA2ynNCKKZrC56pju6YqcIllPxN2SacPbdOZd/DiqRzvDKcBc1QrYO9Elc6LCQ+V/Y16k9co2Ts7vAk/4Y8eieETTLI1GLxW5SSJIiHPGA8M/FkacuDMorr+3m/xH0k6z2n+oBlvwZUzM8U0ewjiehDhMZd357uGQzmMrDSkSjdcBdR7Kw62BWOmKotb4RCWtyBude9WRoVqUzE0GKhrS5fj",
        "ansible_ssh_host_key_rsa_public_keytype": "ssh-rsa",
        "ansible_swapfree_mb": 0,
        "ansible_swaptotal_mb": 0,
        "ansible_system": "Linux",
        "ansible_system_capabilities": [],
        "ansible_system_capabilities_enforced": "False",
        "ansible_system_vendor": "Xen",
        "ansible_uptime_seconds": 41269,
        "ansible_user_dir": "/root",
        "ansible_user_gecos": "root",
        "ansible_user_gid": 0,
        "ansible_user_id": "root",
        "ansible_user_shell": "/bin/bash",
        "ansible_user_uid": 0,
        "ansible_userspace_architecture": "x86_64",
        "ansible_userspace_bits": "64",
        "ansible_virtualization_role": "guest",
        "ansible_virtualization_tech_guest": [
            "xen"
        ],
        "ansible_virtualization_tech_host": [],
        "ansible_virtualization_type": "xen",
        "discovered_interpreter_python": "/usr/bin/python3.7",
        "gather_subset": [
            "all"
        ],
        "module_setup": true
    },
    "changed": false
}
2022-06-22 21:20:19,857 p=3291 u=sabarish n=ansible | PLAY [server] ******************************************************************
2022-06-22 21:20:19,871 p=3291 u=sabarish n=ansible | TASK [Gathering Facts] *********************************************************
2022-06-22 21:20:30,017 p=3291 u=sabarish n=ansible | [WARNING]: Platform linux on host control is using the discovered Python
interpreter at /usr/bin/python3.7, but future installation of another Python
interpreter could change the meaning of that path. See
https://docs.ansible.com/ansible-
core/2.12/reference_appendices/interpreter_discovery.html for more information.

2022-06-22 21:20:30,017 p=3291 u=sabarish n=ansible | ok: [control]
2022-06-22 21:20:30,042 p=3291 u=sabarish n=ansible | TASK [loop] ********************************************************************
2022-06-22 21:20:36,771 p=3291 u=sabarish n=ansible | ok: [control] => (item=wget)
2022-06-22 21:20:49,672 p=3291 u=sabarish n=ansible | changed: [control] => (item=git)
2022-06-22 21:20:57,665 p=3291 u=sabarish n=ansible | ok: [control] => (item=zip)
2022-06-22 21:20:57,689 p=3291 u=sabarish n=ansible | PLAY RECAP *********************************************************************
2022-06-22 21:20:57,689 p=3291 u=sabarish n=ansible | control                    : ok=2    changed=1    unreachable=0    failed=0    skipped=0    rescued=0    ignored=0   
